2023-10-19 10:35:50 788 [main] DEBUG org.apache.ibatis.logging.LogFactory - Logging initialized using 'class org.apache.ibatis.logging.log4j2.Log4j2Impl' adapter.
2023-10-19 10:35:50 878 [main] DEBUG org.apache.ibatis.logging.LogFactory - Logging initialized using 'class org.apache.ibatis.logging.log4j2.Log4j2Impl' adapter.
2023-10-19 10:37:10 298 [main] DEBUG org.apache.ibatis.logging.LogFactory - Logging initialized using 'class org.apache.ibatis.logging.log4j2.Log4j2Impl' adapter.
2023-10-19 10:37:10 392 [main] DEBUG org.apache.ibatis.logging.LogFactory - Logging initialized using 'class org.apache.ibatis.logging.log4j2.Log4j2Impl' adapter.
2023-10-19 10:39:29 157 [main] DEBUG org.apache.ibatis.logging.LogFactory - Logging initialized using 'class org.apache.ibatis.logging.log4j2.Log4j2Impl' adapter.
2023-10-19 10:39:29 251 [main] DEBUG org.apache.ibatis.logging.LogFactory - Logging initialized using 'class org.apache.ibatis.logging.log4j2.Log4j2Impl' adapter.
2023-10-19 10:43:17 593 [main] DEBUG org.apache.ibatis.logging.LogFactory - Logging initialized using 'class org.apache.ibatis.logging.log4j2.Log4j2Impl' adapter.
2023-10-19 10:43:17 686 [main] DEBUG org.apache.ibatis.logging.LogFactory - Logging initialized using 'class org.apache.ibatis.logging.log4j2.Log4j2Impl' adapter.
2023-10-19 10:48:19 000 [main] DEBUG org.apache.ibatis.logging.LogFactory - Logging initialized using 'class org.apache.ibatis.logging.log4j2.Log4j2Impl' adapter.
2023-10-19 10:48:19 091 [main] DEBUG org.apache.ibatis.logging.LogFactory - Logging initialized using 'class org.apache.ibatis.logging.log4j2.Log4j2Impl' adapter.
2023-10-19 10:50:22 574 [main] DEBUG org.apache.ibatis.logging.LogFactory - Logging initialized using 'class org.apache.ibatis.logging.log4j2.Log4j2Impl' adapter.
2023-10-19 10:50:22 669 [main] DEBUG org.apache.ibatis.logging.LogFactory - Logging initialized using 'class org.apache.ibatis.logging.log4j2.Log4j2Impl' adapter.
2023-10-19 10:50:46 681 [main] DEBUG org.apache.ibatis.logging.LogFactory - Logging initialized using 'class org.apache.ibatis.logging.log4j2.Log4j2Impl' adapter.
2023-10-19 10:56:23 003 [main] DEBUG org.mybatis.spring.mapper.ClassPathMapperScanner - Ignored because not a concrete top-level class: file [C:\Users\Administrator\Desktop\MySpringFW\target\classes\myspring\book\dao\mapper\BookMapper.class]
2023-10-19 10:56:23 188 [main] DEBUG org.apache.ibatis.logging.LogFactory - Logging initialized using 'class org.apache.ibatis.logging.log4j2.Log4j2Impl' adapter.
2023-10-19 10:56:23 259 [main] DEBUG org.mybatis.spring.mapper.ClassPathMapperScanner - Ignored because not a concrete top-level class: file [C:\Users\Administrator\Desktop\MySpringFW\target\classes\myspring\book\dao\mapper\BookMapper.class]
2023-10-19 10:56:23 280 [main] DEBUG org.apache.ibatis.logging.LogFactory - Logging initialized using 'class org.apache.ibatis.logging.log4j2.Log4j2Impl' adapter.
2023-10-19 10:57:53 448 [main] DEBUG org.mybatis.spring.mapper.ClassPathMapperScanner - Ignored because not a concrete top-level class: file [C:\Users\Administrator\Desktop\MySpringFW\target\classes\myspring\book\dao\mapper\BookMapper.class]
2023-10-19 10:57:53 627 [main] DEBUG org.apache.ibatis.logging.LogFactory - Logging initialized using 'class org.apache.ibatis.logging.log4j2.Log4j2Impl' adapter.
2023-10-19 10:57:53 699 [main] DEBUG org.mybatis.spring.mapper.ClassPathMapperScanner - Ignored because not a concrete top-level class: file [C:\Users\Administrator\Desktop\MySpringFW\target\classes\myspring\book\dao\mapper\BookMapper.class]
2023-10-19 10:57:53 717 [main] DEBUG org.apache.ibatis.logging.LogFactory - Logging initialized using 'class org.apache.ibatis.logging.log4j2.Log4j2Impl' adapter.
2023-10-19 11:16:00 593 [main] DEBUG org.mybatis.spring.mapper.ClassPathMapperScanner - Identified candidate component class: file [C:\Users\Administrator\Desktop\MySpringFW\target\classes\myspring\book\dao\mapper\BookMapper.class]
2023-10-19 11:16:00 775 [main] DEBUG org.apache.ibatis.logging.LogFactory - Logging initialized using 'class org.apache.ibatis.logging.log4j2.Log4j2Impl' adapter.
2023-10-19 11:16:00 847 [main] DEBUG org.mybatis.spring.mapper.ClassPathMapperScanner - Identified candidate component class: file [C:\Users\Administrator\Desktop\MySpringFW\target\classes\myspring\book\dao\mapper\BookMapper.class]
2023-10-19 11:16:00 864 [main] DEBUG org.apache.ibatis.logging.LogFactory - Logging initialized using 'class org.apache.ibatis.logging.log4j2.Log4j2Impl' adapter.
2023-10-19 11:16:00 940 [main] DEBUG org.mybatis.spring.mapper.ClassPathMapperScanner - Identified candidate component class: file [C:\Users\Administrator\Desktop\MySpringFW\target\classes\myspring\book\dao\mapper\BookMapper.class]
2023-10-19 11:16:00 958 [main] DEBUG org.apache.ibatis.logging.LogFactory - Logging initialized using 'class org.apache.ibatis.logging.log4j2.Log4j2Impl' adapter.
2023-10-19 11:17:48 197 [main] DEBUG org.mybatis.spring.mapper.ClassPathMapperScanner - Identified candidate component class: file [C:\Users\Administrator\Desktop\MySpringFW\target\classes\myspring\book\dao\mapper\BookMapper.class]
2023-10-19 11:17:48 367 [main] DEBUG org.apache.ibatis.logging.LogFactory - Logging initialized using 'class org.apache.ibatis.logging.log4j2.Log4j2Impl' adapter.
2023-10-19 11:17:48 447 [main] DEBUG org.mybatis.spring.mapper.ClassPathMapperScanner - Identified candidate component class: file [C:\Users\Administrator\Desktop\MySpringFW\target\classes\myspring\book\dao\mapper\BookMapper.class]
2023-10-19 11:17:48 470 [main] DEBUG org.apache.ibatis.logging.LogFactory - Logging initialized using 'class org.apache.ibatis.logging.log4j2.Log4j2Impl' adapter.
2023-10-19 11:17:48 545 [main] DEBUG org.mybatis.spring.mapper.ClassPathMapperScanner - Identified candidate component class: file [C:\Users\Administrator\Desktop\MySpringFW\target\classes\myspring\book\dao\mapper\BookMapper.class]
2023-10-19 11:17:48 565 [main] DEBUG org.apache.ibatis.logging.LogFactory - Logging initialized using 'class org.apache.ibatis.logging.log4j2.Log4j2Impl' adapter.
2023-10-19 11:19:20 549 [main] DEBUG org.mybatis.spring.mapper.ClassPathMapperScanner - Identified candidate component class: file [C:\Users\Administrator\Desktop\MySpringFW\target\classes\myspring\book\dao\mapper\BookMapper.class]
2023-10-19 11:19:20 729 [main] DEBUG org.apache.ibatis.logging.LogFactory - Logging initialized using 'class org.apache.ibatis.logging.log4j2.Log4j2Impl' adapter.
2023-10-19 11:19:20 816 [main] DEBUG org.mybatis.spring.mapper.ClassPathMapperScanner - Identified candidate component class: file [C:\Users\Administrator\Desktop\MySpringFW\target\classes\myspring\book\dao\mapper\BookMapper.class]
2023-10-19 11:19:20 846 [main] DEBUG org.apache.ibatis.logging.LogFactory - Logging initialized using 'class org.apache.ibatis.logging.log4j2.Log4j2Impl' adapter.
2023-10-19 11:19:20 914 [main] DEBUG org.mybatis.spring.mapper.ClassPathMapperScanner - Identified candidate component class: file [C:\Users\Administrator\Desktop\MySpringFW\target\classes\myspring\book\dao\mapper\BookMapper.class]
2023-10-19 11:19:20 957 [main] DEBUG org.apache.ibatis.logging.LogFactory - Logging initialized using 'class org.apache.ibatis.logging.log4j2.Log4j2Impl' adapter.
2023-10-19 11:22:23 635 [main] DEBUG org.mybatis.spring.mapper.ClassPathMapperScanner - Identified candidate component class: file [C:\Users\Administrator\Desktop\MySpringFW\target\classes\myspring\book\dao\mapper\BookMapper.class]
2023-10-19 11:22:23 822 [main] DEBUG org.apache.ibatis.logging.LogFactory - Logging initialized using 'class org.apache.ibatis.logging.log4j2.Log4j2Impl' adapter.
2023-10-19 11:22:23 897 [main] DEBUG org.mybatis.spring.mapper.ClassPathMapperScanner - Identified candidate component class: file [C:\Users\Administrator\Desktop\MySpringFW\target\classes\myspring\book\dao\mapper\BookMapper.class]
2023-10-19 11:22:23 914 [main] DEBUG org.apache.ibatis.logging.LogFactory - Logging initialized using 'class org.apache.ibatis.logging.log4j2.Log4j2Impl' adapter.
2023-10-19 11:22:23 985 [main] DEBUG org.mybatis.spring.mapper.ClassPathMapperScanner - Identified candidate component class: file [C:\Users\Administrator\Desktop\MySpringFW\target\classes\myspring\book\dao\mapper\BookMapper.class]
2023-10-19 11:22:24 013 [main] DEBUG org.apache.ibatis.logging.LogFactory - Logging initialized using 'class org.apache.ibatis.logging.log4j2.Log4j2Impl' adapter.
2023-10-19 13:05:06 400 [main] DEBUG org.mybatis.spring.mapper.ClassPathMapperScanner - Identified candidate component class: file [C:\Users\Administrator\Desktop\MySpringFW\target\classes\myspring\book\dao\mapper\BookMapper.class]
2023-10-19 13:05:06 572 [main] DEBUG org.apache.ibatis.logging.LogFactory - Logging initialized using 'class org.apache.ibatis.logging.log4j2.Log4j2Impl' adapter.
2023-10-19 13:05:06 736 [main] DEBUG org.mybatis.spring.SqlSessionUtils - Creating a new SqlSession
2023-10-19 13:05:06 742 [main] DEBUG org.mybatis.spring.SqlSessionUtils - SqlSession [org.apache.ibatis.session.defaults.DefaultSqlSession@69637b10] was not registered for synchronization because synchronization is not active
2023-10-19 13:05:06 911 [main] DEBUG org.mybatis.spring.transaction.SpringManagedTransaction - JDBC Connection [HikariProxyConnection@338620258 wrapping org.mariadb.jdbc.Connection@4a9cc6cb] will not be managed by Spring
2023-10-19 13:05:06 919 [main] DEBUG myspring.book.dao.mapper.BookMapper.selectBookById - ==>  Preparing: select * from book where id=?
2023-10-19 13:05:06 946 [main] DEBUG myspring.book.dao.mapper.BookMapper.selectBookById - ==> Parameters: 1(String)
2023-10-19 13:05:06 971 [main] DEBUG myspring.book.dao.mapper.BookMapper.selectBookById - <==      Total: 1
2023-10-19 13:05:06 978 [main] DEBUG org.mybatis.spring.SqlSessionUtils - Closing non transactional SqlSession [org.apache.ibatis.session.defaults.DefaultSqlSession@69637b10]
2023-10-19 13:05:40 752 [main] DEBUG org.mybatis.spring.mapper.ClassPathMapperScanner - Identified candidate component class: file [C:\Users\Administrator\Desktop\MySpringFW\target\classes\myspring\book\dao\mapper\BookMapper.class]
2023-10-19 13:05:40 933 [main] DEBUG org.apache.ibatis.logging.LogFactory - Logging initialized using 'class org.apache.ibatis.logging.log4j2.Log4j2Impl' adapter.
2023-10-19 13:05:41 090 [main] DEBUG org.mybatis.spring.SqlSessionUtils - Creating a new SqlSession
2023-10-19 13:05:41 096 [main] DEBUG org.mybatis.spring.SqlSessionUtils - SqlSession [org.apache.ibatis.session.defaults.DefaultSqlSession@71984c3] was not registered for synchronization because synchronization is not active
2023-10-19 13:05:41 266 [main] DEBUG org.mybatis.spring.transaction.SpringManagedTransaction - JDBC Connection [HikariProxyConnection@1251788491 wrapping org.mariadb.jdbc.Connection@5990e6c5] will not be managed by Spring
2023-10-19 13:05:41 275 [main] DEBUG myspring.book.dao.mapper.BookMapper.selectBookById - ==>  Preparing: select * from book where id=?
2023-10-19 13:05:41 300 [main] DEBUG myspring.book.dao.mapper.BookMapper.selectBookById - ==> Parameters: 1(String)
2023-10-19 13:05:41 324 [main] DEBUG myspring.book.dao.mapper.BookMapper.selectBookById - <==      Total: 1
2023-10-19 13:05:41 334 [main] DEBUG org.mybatis.spring.SqlSessionUtils - Closing non transactional SqlSession [org.apache.ibatis.session.defaults.DefaultSqlSession@71984c3]
2023-10-19 13:05:41 354 [main] DEBUG org.mybatis.spring.SqlSessionUtils - Creating a new SqlSession
2023-10-19 13:05:41 355 [main] DEBUG org.mybatis.spring.SqlSessionUtils - SqlSession [org.apache.ibatis.session.defaults.DefaultSqlSession@6928f576] was not registered for synchronization because synchronization is not active
2023-10-19 13:05:41 358 [main] DEBUG org.mybatis.spring.transaction.SpringManagedTransaction - JDBC Connection [HikariProxyConnection@1777745301 wrapping org.mariadb.jdbc.Connection@9cd25ff] will not be managed by Spring
2023-10-19 13:05:41 359 [main] DEBUG myspring.book.dao.mapper.BookMapper.selectBookById - ==>  Preparing: select * from book where id=?
2023-10-19 13:05:41 359 [main] DEBUG myspring.book.dao.mapper.BookMapper.selectBookById - ==> Parameters: 흔한남매(String)
2023-10-19 13:05:41 360 [main] DEBUG myspring.book.dao.mapper.BookMapper.selectBookById - <==      Total: 0
2023-10-19 13:05:41 360 [main] DEBUG org.mybatis.spring.SqlSessionUtils - Closing non transactional SqlSession [org.apache.ibatis.session.defaults.DefaultSqlSession@6928f576]
2023-10-19 13:06:33 784 [main] DEBUG org.mybatis.spring.mapper.ClassPathMapperScanner - Identified candidate component class: file [C:\Users\Administrator\Desktop\MySpringFW\target\classes\myspring\book\dao\mapper\BookMapper.class]
2023-10-19 13:06:33 975 [main] DEBUG org.apache.ibatis.logging.LogFactory - Logging initialized using 'class org.apache.ibatis.logging.log4j2.Log4j2Impl' adapter.
2023-10-19 13:06:34 133 [main] DEBUG org.mybatis.spring.SqlSessionUtils - Creating a new SqlSession
2023-10-19 13:06:34 140 [main] DEBUG org.mybatis.spring.SqlSessionUtils - SqlSession [org.apache.ibatis.session.defaults.DefaultSqlSession@71984c3] was not registered for synchronization because synchronization is not active
2023-10-19 13:06:34 285 [main] DEBUG org.mybatis.spring.transaction.SpringManagedTransaction - JDBC Connection [HikariProxyConnection@1251788491 wrapping org.mariadb.jdbc.Connection@5990e6c5] will not be managed by Spring
2023-10-19 13:06:34 291 [main] DEBUG myspring.book.dao.mapper.BookMapper.selectBookById - ==>  Preparing: select * from book where id=?
2023-10-19 13:06:34 321 [main] DEBUG myspring.book.dao.mapper.BookMapper.selectBookById - ==> Parameters: 1(String)
2023-10-19 13:06:34 344 [main] DEBUG myspring.book.dao.mapper.BookMapper.selectBookById - <==      Total: 1
2023-10-19 13:06:34 352 [main] DEBUG org.mybatis.spring.SqlSessionUtils - Closing non transactional SqlSession [org.apache.ibatis.session.defaults.DefaultSqlSession@71984c3]
2023-10-19 13:06:34 369 [main] DEBUG org.mybatis.spring.SqlSessionUtils - Creating a new SqlSession
2023-10-19 13:06:34 369 [main] DEBUG org.mybatis.spring.SqlSessionUtils - SqlSession [org.apache.ibatis.session.defaults.DefaultSqlSession@6928f576] was not registered for synchronization because synchronization is not active
2023-10-19 13:06:34 373 [main] DEBUG org.mybatis.spring.transaction.SpringManagedTransaction - JDBC Connection [HikariProxyConnection@1777745301 wrapping org.mariadb.jdbc.Connection@9cd25ff] will not be managed by Spring
2023-10-19 13:06:34 373 [main] DEBUG myspring.book.dao.mapper.BookMapper.selectBookById - ==>  Preparing: select * from book where id=?
2023-10-19 13:06:34 373 [main] DEBUG myspring.book.dao.mapper.BookMapper.selectBookById - ==> Parameters: 개미(String)
2023-10-19 13:06:34 374 [main] DEBUG myspring.book.dao.mapper.BookMapper.selectBookById - <==      Total: 0
2023-10-19 13:06:34 374 [main] DEBUG org.mybatis.spring.SqlSessionUtils - Closing non transactional SqlSession [org.apache.ibatis.session.defaults.DefaultSqlSession@6928f576]
2023-10-19 13:07:31 069 [main] DEBUG org.mybatis.spring.mapper.ClassPathMapperScanner - Identified candidate component class: file [C:\Users\Administrator\Desktop\MySpringFW\target\classes\myspring\book\dao\mapper\BookMapper.class]
2023-10-19 13:07:31 245 [main] DEBUG org.apache.ibatis.logging.LogFactory - Logging initialized using 'class org.apache.ibatis.logging.log4j2.Log4j2Impl' adapter.
2023-10-19 13:07:31 402 [main] DEBUG org.mybatis.spring.SqlSessionUtils - Creating a new SqlSession
2023-10-19 13:07:31 408 [main] DEBUG org.mybatis.spring.SqlSessionUtils - SqlSession [org.apache.ibatis.session.defaults.DefaultSqlSession@71984c3] was not registered for synchronization because synchronization is not active
2023-10-19 13:07:31 559 [main] DEBUG org.mybatis.spring.transaction.SpringManagedTransaction - JDBC Connection [HikariProxyConnection@1251788491 wrapping org.mariadb.jdbc.Connection@5990e6c5] will not be managed by Spring
2023-10-19 13:07:31 565 [main] DEBUG myspring.book.dao.mapper.BookMapper.selectBookById - ==>  Preparing: select * from book where id=?
2023-10-19 13:07:31 592 [main] DEBUG myspring.book.dao.mapper.BookMapper.selectBookById - ==> Parameters: 1(String)
2023-10-19 13:07:31 615 [main] DEBUG myspring.book.dao.mapper.BookMapper.selectBookById - <==      Total: 1
2023-10-19 13:07:31 622 [main] DEBUG org.mybatis.spring.SqlSessionUtils - Closing non transactional SqlSession [org.apache.ibatis.session.defaults.DefaultSqlSession@71984c3]
2023-10-19 13:07:31 637 [main] DEBUG org.mybatis.spring.SqlSessionUtils - Creating a new SqlSession
2023-10-19 13:07:31 638 [main] DEBUG org.mybatis.spring.SqlSessionUtils - SqlSession [org.apache.ibatis.session.defaults.DefaultSqlSession@6928f576] was not registered for synchronization because synchronization is not active
2023-10-19 13:07:31 641 [main] DEBUG org.mybatis.spring.transaction.SpringManagedTransaction - JDBC Connection [HikariProxyConnection@1777745301 wrapping org.mariadb.jdbc.Connection@9cd25ff] will not be managed by Spring
2023-10-19 13:07:31 642 [main] DEBUG myspring.book.dao.mapper.BookMapper.selectBookById - ==>  Preparing: select * from book where id=?
2023-10-19 13:07:31 642 [main] DEBUG myspring.book.dao.mapper.BookMapper.selectBookById - ==> Parameters: 1(String)
2023-10-19 13:07:31 643 [main] DEBUG myspring.book.dao.mapper.BookMapper.selectBookById - <==      Total: 1
2023-10-19 13:07:31 643 [main] DEBUG org.mybatis.spring.SqlSessionUtils - Closing non transactional SqlSession [org.apache.ibatis.session.defaults.DefaultSqlSession@6928f576]
2023-10-19 13:08:51 973 [main] DEBUG org.mybatis.spring.mapper.ClassPathMapperScanner - Identified candidate component class: file [C:\Users\Administrator\Desktop\MySpringFW\target\classes\myspring\book\dao\mapper\BookMapper.class]
2023-10-19 13:08:52 229 [main] DEBUG org.apache.ibatis.logging.LogFactory - Logging initialized using 'class org.apache.ibatis.logging.log4j2.Log4j2Impl' adapter.
2023-10-19 13:08:52 389 [main] DEBUG org.mybatis.spring.SqlSessionUtils - Creating a new SqlSession
2023-10-19 13:08:52 395 [main] DEBUG org.mybatis.spring.SqlSessionUtils - SqlSession [org.apache.ibatis.session.defaults.DefaultSqlSession@71984c3] was not registered for synchronization because synchronization is not active
2023-10-19 13:08:52 571 [main] DEBUG org.mybatis.spring.transaction.SpringManagedTransaction - JDBC Connection [HikariProxyConnection@1251788491 wrapping org.mariadb.jdbc.Connection@5990e6c5] will not be managed by Spring
2023-10-19 13:08:52 577 [main] DEBUG myspring.book.dao.mapper.BookMapper.selectBookById - ==>  Preparing: select * from book where id=?
2023-10-19 13:08:52 599 [main] DEBUG myspring.book.dao.mapper.BookMapper.selectBookById - ==> Parameters: 1(String)
2023-10-19 13:08:52 619 [main] DEBUG myspring.book.dao.mapper.BookMapper.selectBookById - <==      Total: 1
2023-10-19 13:08:52 629 [main] DEBUG org.mybatis.spring.SqlSessionUtils - Closing non transactional SqlSession [org.apache.ibatis.session.defaults.DefaultSqlSession@71984c3]
2023-10-19 13:08:52 645 [main] DEBUG org.mybatis.spring.SqlSessionUtils - Creating a new SqlSession
2023-10-19 13:08:52 645 [main] DEBUG org.mybatis.spring.SqlSessionUtils - SqlSession [org.apache.ibatis.session.defaults.DefaultSqlSession@6928f576] was not registered for synchronization because synchronization is not active
2023-10-19 13:08:52 648 [main] DEBUG org.mybatis.spring.transaction.SpringManagedTransaction - JDBC Connection [HikariProxyConnection@1777745301 wrapping org.mariadb.jdbc.Connection@9cd25ff] will not be managed by Spring
2023-10-19 13:08:52 648 [main] DEBUG myspring.book.dao.mapper.BookMapper.selectBookById - ==>  Preparing: select * from book where id=?
2023-10-19 13:08:52 648 [main] DEBUG myspring.book.dao.mapper.BookMapper.selectBookById - ==> Parameters: 2(String)
2023-10-19 13:08:52 649 [main] DEBUG myspring.book.dao.mapper.BookMapper.selectBookById - <==      Total: 1
2023-10-19 13:08:52 650 [main] DEBUG org.mybatis.spring.SqlSessionUtils - Closing non transactional SqlSession [org.apache.ibatis.session.defaults.DefaultSqlSession@6928f576]
